c:\users\imper\desktop\dualistics rust cheat\x64\release\vc142.pdb
c:\users\imper\desktop\dualistics rust cheat\x64\release\vector.obj
c:\users\imper\desktop\dualistics rust cheat\x64\release\rust.obj
c:\users\imper\desktop\dualistics rust cheat\x64\release\renderer.obj
c:\users\imper\desktop\dualistics rust cheat\x64\release\imgui_impl_dx11.obj
c:\users\imper\desktop\dualistics rust cheat\x64\release\imgui_draw.obj
c:\users\imper\desktop\dualistics rust cheat\x64\release\imgui_demo.obj
c:\users\imper\desktop\dualistics rust cheat\x64\release\imgui.obj
c:\users\imper\desktop\dualistics rust cheat\x64\release\basenetworkable.obj
c:\users\imper\desktop\dualistics rust cheat\x64\release\main.obj
c:\users\imper\desktop\x64\release\dualistics rust cheat.ipdb
c:\users\imper\desktop\x64\release\dualistics rust cheat.iobj
c:\users\imper\desktop\x64\release\dualistics rust cheat.exe
c:\users\imper\desktop\x64\release\dualistics rust cheat.pdb
c:\users\imper\desktop\dualistics rust cheat\x64\release\dualisti.486e7cbf.tlog\cl.command.1.tlog
c:\users\imper\desktop\dualistics rust cheat\x64\release\dualisti.486e7cbf.tlog\cl.read.1.tlog
c:\users\imper\desktop\dualistics rust cheat\x64\release\dualisti.486e7cbf.tlog\cl.write.1.tlog
c:\users\imper\desktop\dualistics rust cheat\x64\release\dualisti.486e7cbf.tlog\dualistics rust cheat.write.1u.tlog
c:\users\imper\desktop\dualistics rust cheat\x64\release\dualisti.486e7cbf.tlog\link.command.1.tlog
c:\users\imper\desktop\dualistics rust cheat\x64\release\dualisti.486e7cbf.tlog\link.read.1.tlog
c:\users\imper\desktop\dualistics rust cheat\x64\release\dualisti.486e7cbf.tlog\link.write.1.tlog
